
============================================================
  Impact Factor Calculation
============================================================

Traceback (most recent call last):
  File "/home/ywatanabe/proj/crossref_local/examples/impact_factor/00_calculate_impact_factor.py", line 127, in <module>
    main()
  File "/home/ywatanabe/proj/crossref_local/examples/impact_factor/00_calculate_impact_factor.py", line 62, in main
    calc = ImpactFactorCalculator(args.db)
           ^^^^^^^^^^^^^^^^^^^^^^^^^^^^^^^
  File "/home/ywatanabe/proj/crossref_local/impact_factor/src/calculator.py", line 42, in __init__
    raise FileNotFoundError(f"Database not found: {db_path}")
FileNotFoundError: Database not found: ./data/crossref.db

====================================================================================================
  NEUROSCIENCE - Impact Factor Comparison (2023)
====================================================================================================

  Journals with Good Citation Coverage (>10%):
----------------------------------------------------------------------------------------------------
Journal                                     Calc IF     JCR IF    Ratio    Match
----------------------------------------------------------------------------------------------------
Nature Reviews Neuroscience                   36.45       28.7     1.27       OK
Nature Neuroscience                           28.91       21.2     1.36       OK
Neuron                                        19.09       14.7     1.30       OK
Trends in Neurosciences                       17.52       14.6     1.20       OK
Annual Review of Neuroscience                 16.75       12.1     1.38       OK
Brain                                         11.54       10.6     1.09       OK
Molecular Psychiatry                          10.75        9.6     1.12       OK
Biological Psychiatry                         10.48        9.6     1.09       OK
Brain Stimulation                              7.61        7.6     1.00       OK
Progress in Neurobiology                       8.19        6.7     1.22       OK
Neuropsychopharmacology                        7.57        6.6     1.15       OK
Current Opinion in Neurobiology                7.00        4.8     1.46       OK
NeuroImage                                     6.35        4.7     1.35       OK
Frontiers in Neuroscience                      3.55        3.2     1.11       OK
Cerebral Cortex                                3.41        2.9     1.18       OK
Journal of Neurophysiology                     2.94        2.1     1.40       OK

  Journals with Low Citation Coverage (<10%) - USE WITH CAUTION:
----------------------------------------------------------------------------------------------------
Journal                                    Coverage    Calc IF     JCR IF
----------------------------------------------------------------------------------------------------
Journal of Neuroscience                        0.9%       0.15        4.4
eLife                                          0.6%       0.16        6.4

  Saved: /home/ywatanabe/proj/crossref_local/examples/impact_factor/01_compare_jcr_out/neuroscience.csv
  Saved: /home/ywatanabe/proj/crossref_local/examples/impact_factor/01_compare_jcr_out/neuroscience.json
No articles found for 1741-2552 in 2021-2022

====================================================================================================
  BIOMEDICAL_ENGINEERING - Impact Factor Comparison (2023)
====================================================================================================

  Journals with Good Citation Coverage (>10%):
----------------------------------------------------------------------------------------------------
Journal                                     Calc IF     JCR IF    Ratio    Match
----------------------------------------------------------------------------------------------------
Nature Biomedical Engineering                 30.51       26.8     1.14       OK
Biomaterials                                  13.54       12.8     1.06       OK
Biomedical Engineering Online                  3.63        2.9     1.25       OK

  Journals with Low Citation Coverage (<10%) - USE WITH CAUTION:
----------------------------------------------------------------------------------------------------
Journal                                    Coverage    Calc IF     JCR IF
----------------------------------------------------------------------------------------------------
Journal of Neural Engineering                  0.0%       0.00        3.7
IEEE Trans Biomedical Engineering              1.7%       0.27        4.4
IEEE Trans Neural Syst Rehabil Eng             1.9%       0.32        4.8

  Saved: /home/ywatanabe/proj/crossref_local/examples/impact_factor/01_compare_jcr_out/biomedical_engineering.csv
  Saved: /home/ywatanabe/proj/crossref_local/examples/impact_factor/01_compare_jcr_out/biomedical_engineering.json

====================================================================================================
  HIGH_IMPACT - Impact Factor Comparison (2023)
====================================================================================================

  Journals with Good Citation Coverage (>10%):
----------------------------------------------------------------------------------------------------
Journal                                     Calc IF     JCR IF    Ratio    Match
----------------------------------------------------------------------------------------------------
JAMA                                          45.16       63.1     0.72       OK
Nature Medicine                               56.13       58.7     0.96       OK
Nature                                        54.07       50.5     1.07       OK
Cell                                          54.01       45.5     1.19       OK
Science                                       46.17       44.7     1.03       OK
Nature Communications                         16.14       14.7     1.10       OK
PNAS                                          10.22        9.4     1.09       OK

  Journals with Low Citation Coverage (<10%) - USE WITH CAUTION:
----------------------------------------------------------------------------------------------------
Journal                                    Coverage    Calc IF     JCR IF
----------------------------------------------------------------------------------------------------
The Lancet                                     1.4%       3.70       98.4
New England Journal of Medicine                0.9%       2.61       96.2

  Saved: /home/ywatanabe/proj/crossref_local/examples/impact_factor/01_compare_jcr_out/high_impact.csv
  Saved: /home/ywatanabe/proj/crossref_local/examples/impact_factor/01_compare_jcr_out/high_impact.json
  Saved: /home/ywatanabe/proj/crossref_local/examples/impact_factor/01_compare_jcr_out/all_combined.csv
  Saved: /home/ywatanabe/proj/crossref_local/examples/impact_factor/01_compare_jcr_out/all_combined.json

Results saved to: /home/ywatanabe/proj/crossref_local/examples/impact_factor/01_compare_jcr_out/
Loading comparison data...
Loaded 33 journals with good coverage

Generating plots...
WARN: UnitWarning: X axis label 'JCR Impact Factor (2024)' uses parentheses. SI convention prefers: 'JCR Impact Factor [2024]'
WARN: UnitWarning: Y axis label 'Calculated Impact Factor
WARN: (Local CrossRef)' uses parentheses. SI convention prefers: 'Calculated Impact Factor
WARN: [Local CrossRef]'
/home/ywatanabe/proj/scitex-code/src/scitex/plt/__init__.py:646: UserWarning: This figure includes Axes that are not compatible with tight_layout, so results might be incorrect.
  plt.tight_layout(**kwargs)
Saved: /home/ywatanabe/proj/crossref_local/examples/impact_factor/02_compare_jcr_plot_out/scatter_calc_vs_jcr.png

All plots saved to: /home/ywatanabe/proj/crossref_local/examples/impact_factor/02_compare_jcr_plot_out/
